[
    (
        [
            {
                "Plan": {
                    "Node Type": "Nested Loop",
                    "Parallel Aware": False,
                    "Async Capable": False,
                    "Join Type": "Inner",
                    "Startup Cost": 85195.44,
                    "Total Cost": 35594434.57,
                    "Plan Rows": 2000472,
                    "Plan Width": 527,
                    "Inner Unique": True,
                    "Plans": [
                        {
                            "Node Type": "Hash Join",
                            "Parent Relationship": "Outer",
                            "Parallel Aware": False,
                            "Async Capable": False,
                            "Join Type": "Inner",
                            "Startup Cost": 85195.0,
                            "Total Cost": 27997768.8,
                            "Plan Rows": 2000472,
                            "Plan Width": 368,
                            "Inner Unique": True,
                            "Hash Cond": "(l.l_orderkey = o.o_orderkey)",
                            "Plans": [
                                {
                                    "Node Type": "Hash Join",
                                    "Parent Relationship": "Outer",
                                    "Parallel Aware": False,
                                    "Async Capable": False,
                                    "Join Type": "Inner",
                                    "Startup Cost": 447.0,
                                    "Total Cost": 27742206.55,
                                    "Plan Rows": 2000472,
                                    "Plan Width": 261,
                                    "Inner Unique": True,
                                    "Hash Cond": "(l.l_suppkey = s.s_suppkey)",
                                    "Join Filter": "(l.l_quantity > (SubPlan 1))",
                                    "Plans": [
                                        {
                                            "Node Type": "Seq Scan",
                                            "Parent Relationship": "Outer",
                                            "Parallel Aware": False,
                                            "Async Capable": False,
                                            "Relation Name": "lineitem",
                                            "Alias": "l",
                                            "Startup Cost": 0.0,
                                            "Total Cost": 172517.16,
                                            "Plan Rows": 6001416,
                                            "Plan Width": 117,
                                        },
                                        {
                                            "Node Type": "Hash",
                                            "Parent Relationship": "Inner",
                                            "Parallel Aware": False,
                                            "Async Capable": False,
                                            "Startup Cost": 322.0,
                                            "Total Cost": 322.0,
                                            "Plan Rows": 10000,
                                            "Plan Width": 144,
                                            "Plans": [
                                                {
                                                    "Node Type": "Seq Scan",
                                                    "Parent Relationship": "Outer",
                                                    "Parallel Aware": False,
                                                    "Async Capable": False,
                                                    "Relation Name": "supplier",
                                                    "Alias": "s",
                                                    "Startup Cost": 0.0,
                                                    "Total Cost": 322.0,
                                                    "Plan Rows": 10000,
                                                    "Plan Width": 144,
                                                }
                                            ],
                                        },
                                        {
                                            "Node Type": "Aggregate",
                                            "Strategy": "Plain",
                                            "Partial Mode": "Simple",
                                            "Parent Relationship": "SubPlan",
                                            "Subplan Name": "SubPlan 1",
                                            "Parallel Aware": False,
                                            "Async Capable": False,
                                            "Startup Cost": 138459.72,
                                            "Total Cost": 138459.73,
                                            "Plan Rows": 1,
                                            "Plan Width": 32,
                                            "Plans": [
                                                {
                                                    "Node Type": "Index Scan",
                                                    "Parent Relationship": "Outer",
                                                    "Parallel Aware": False,
                                                    "Async Capable": False,
                                                    "Scan Direction": "Forward",
                                                    "Index Name": "lineitem_pkey",
                                                    "Relation Name": "lineitem",
                                                    "Alias": "l2",
                                                    "Startup Cost": 0.43,
                                                    "Total Cost": 138458.22,
                                                    "Plan Rows": 598,
                                                    "Plan Width": 5,
                                                    "Index Cond": "(l_suppkey = s.s_suppkey)",
                                                }
                                            ],
                                        },
                                    ],
                                },
                                {
                                    "Node Type": "Hash",
                                    "Parent Relationship": "Inner",
                                    "Parallel Aware": False,
                                    "Async Capable": False,
                                    "Startup Cost": 41095.0,
                                    "Total Cost": 41095.0,
                                    "Plan Rows": 1500000,
                                    "Plan Width": 107,
                                    "Plans": [
                                        {
                                            "Node Type": "Seq Scan",
                                            "Parent Relationship": "Outer",
                                            "Parallel Aware": False,
                                            "Async Capable": False,
                                            "Relation Name": "orders",
                                            "Alias": "o",
                                            "Startup Cost": 0.0,
                                            "Total Cost": 41095.0,
                                            "Plan Rows": 1500000,
                                            "Plan Width": 107,
                                        }
                                    ],
                                },
                            ],
                        },
                        {
                            "Node Type": "Memoize",
                            "Parent Relationship": "Inner",
                            "Parallel Aware": False,
                            "Async Capable": False,
                            "Startup Cost": 0.44,
                            "Total Cost": 4.45,
                            "Plan Rows": 1,
                            "Plan Width": 159,
                            "Cache Key": "o.o_custkey",
                            "Cache Mode": "logical",
                            "Plans": [
                                {
                                    "Node Type": "Bitmap Heap Scan",
                                    "Parent Relationship": "Outer",
                                    "Parallel Aware": False,
                                    "Async Capable": False,
                                    "Relation Name": "customer",
                                    "Alias": "c",
                                    "Startup Cost": 0.43,
                                    "Total Cost": 4.44,
                                    "Plan Rows": 1,
                                    "Plan Width": 159,
                                    "Recheck Cond": "(c_custkey = o.o_custkey)",
                                    "Plans": [
                                        {
                                            "Node Type": "Bitmap Index Scan",
                                            "Parent Relationship": "Outer",
                                            "Parallel Aware": False,
                                            "Async Capable": False,
                                            "Index Name": "customer_pkey",
                                            "Startup Cost": 0.0,
                                            "Total Cost": 0.43,
                                            "Plan Rows": 1,
                                            "Plan Width": 0,
                                            "Index Cond": "(c_custkey = o.o_custkey)",
                                        }
                                    ],
                                }
                            ],
                        },
                    ],
                },
                "JIT": {
                    "Functions": 34,
                    "Options": {
                        "Inlining": True,
                        "Optimization": True,
                        "Expressions": True,
                        "Deforming": True,
                    },
                },
            }
        ],
    )
]
